*** Starting uWSGI 2.0.19 (64bit) on [Thu Jan 28 09:35:41 2021] ***
compiled with version: 8.3.0 on 28 January 2021 09:29:06
os: Linux-5.4.72-microsoft-standard-WSL2 #1 SMP Wed Oct 28 23:40:43 UTC 2020
nodename: 63749bed5a58
machine: x86_64
clock source: unix
pcre jit disabled
detected number of CPU cores: 8
current working directory: /home/shentu/micro_web
writing pidfile to /tmp/micro_web-master.pid
detected binary path: /usr/local/bin/uwsgi
chdir() to /home/shentu/micro_web
your memory page size is 4096 bytes
 *** WARNING: you have enabled harakiri without post buffering. Slow upload could be rejected on post-unbuffered webservers *** 
detected max file descriptor number: 1048576
lock engine: pthread robust mutexes
thunder lock: disabled (you can enable it with --thunder-lock)
uwsgi socket 0 bound to TCP address 0.0.0.0:8000 fd 3
setgid() to 33
setuid() to 33
Python version: 3.7.9 (default, Jan 12 2021, 17:26:22)  [GCC 8.3.0]
Python main interpreter initialized at 0x55847b045d20
python threads support enabled
your server socket listen backlog is limited to 100 connections
your mercy for graceful operations on workers is 60 seconds
mapped 403077 bytes (393 KB) for 2 cores
*** Operational MODE: preforking ***
WSGI app 0 (mountpoint='') ready in 1 seconds on interpreter 0x55847b045d20 pid: 26 (default app)
*** uWSGI is running in multiple interpreter mode ***
spawned uWSGI master process (pid: 26)
spawned uWSGI worker 1 (pid: 27, cores: 1)
spawned uWSGI worker 2 (pid: 29, cores: 1)
Python auto-reloader enabled
WARNING:django.request:Not Found: /
{address space usage: 178065408 bytes/169MB} {rss usage: 46477312 bytes/44MB} [pid: 29|app: 0|req: 1/1] 172.27.0.1 () {54 vars in 1029 bytes} [Thu Jan 28 17:35:47 2021] GET / => generated 77 bytes in 216 msecs (HTTP/1.1 404) 3 headers in 100 bytes (1 switches on core 0)
WARNING:django.request:Not Found: /
{address space usage: 178327552 bytes/170MB} {rss usage: 46522368 bytes/44MB} [pid: 29|app: 0|req: 2/2] 172.27.0.1 () {56 vars in 1060 bytes} [Thu Jan 28 17:35:50 2021] GET / => generated 77 bytes in 1 msecs (HTTP/1.1 404) 3 headers in 100 bytes (1 switches on core 0)
WARNING:django.request:Not Found: /
{address space usage: 178065408 bytes/169MB} {rss usage: 46387200 bytes/44MB} [pid: 27|app: 0|req: 1/3] 172.27.0.1 () {54 vars in 1029 bytes} [Thu Jan 28 17:36:32 2021] GET / => generated 77 bytes in 200 msecs (HTTP/1.1 404) 3 headers in 100 bytes (1 switches on core 0)
WARNING:django.request:Not Found: /
{address space usage: 178327552 bytes/170MB} {rss usage: 46522368 bytes/44MB} [pid: 29|app: 0|req: 3/4] 172.27.0.1 () {52 vars in 940 bytes} [Thu Jan 28 17:36:47 2021] GET / => generated 77 bytes in 1 msecs (HTTP/1.1 404) 3 headers in 100 bytes (1 switches on core 0)
WARNING:django.request:Not Found: /favicon.ico
{address space usage: 178327552 bytes/170MB} {rss usage: 46522368 bytes/44MB} [pid: 29|app: 0|req: 4/5] 172.27.0.1 () {50 vars in 853 bytes} [Thu Jan 28 17:36:47 2021] GET /favicon.ico => generated 77 bytes in 1 msecs (HTTP/1.1 404) 3 headers in 100 bytes (1 switches on core 0)
{address space usage: 178327552 bytes/170MB} {rss usage: 46522368 bytes/44MB} [pid: 29|app: 0|req: 5/6] 172.27.0.1 () {54 vars in 1039 bytes} [Thu Jan 28 17:36:58 2021] GET /admin => generated 0 bytes in 1 msecs (HTTP/1.1 301) 3 headers in 112 bytes (1 switches on core 0)
{address space usage: 179113984 bytes/170MB} {rss usage: 47517696 bytes/45MB} [pid: 29|app: 0|req: 6/7] 172.27.0.1 () {54 vars in 1041 bytes} [Thu Jan 28 17:36:58 2021] GET /admin/ => generated 0 bytes in 30 msecs (HTTP/1.1 302) 7 headers in 265 bytes (1 switches on core 0)
{address space usage: 179511296 bytes/171MB} {rss usage: 48209920 bytes/45MB} [pid: 29|app: 0|req: 7/8] 172.27.0.1 () {54 vars in 1078 bytes} [Thu Jan 28 17:36:58 2021] GET /admin/login/?next=/admin/ => generated 3732 bytes in 12 msecs (HTTP/1.1 200) 7 headers in 395 bytes (1 switches on core 0)
{address space usage: 180174848 bytes/171MB} {rss usage: 51093504 bytes/48MB} [pid: 29|app: 0|req: 8/9] 172.27.0.1 () {64 vars in 1322 bytes} [Thu Jan 28 17:37:03 2021] POST /admin/login/?next=/admin/ => generated 0 bytes in 7009 msecs (HTTP/1.1 302) 9 headers in 559 bytes (1 switches on core 0)
{address space usage: 181018624 bytes/172MB} {rss usage: 51888128 bytes/49MB} [pid: 29|app: 0|req: 9/10] 172.27.0.1 () {58 vars in 1181 bytes} [Thu Jan 28 17:37:10 2021] GET /admin/ => generated 24136 bytes in 4877 msecs (HTTP/1.1 200) 6 headers in 228 bytes (1 switches on core 0)
{address space usage: 183111680 bytes/174MB} {rss usage: 54308864 bytes/51MB} [pid: 29|app: 0|req: 10/11] 172.27.0.1 () {54 vars in 1142 bytes} [Thu Jan 28 17:37:26 2021] GET /admin/wallpaper/category/ => generated 75509 bytes in 5368 msecs (HTTP/1.1 200) 7 headers in 396 bytes (1 switches on core 0)
{address space usage: 178733056 bytes/170MB} {rss usage: 49295360 bytes/47MB} [pid: 27|app: 0|req: 2/12] 172.27.0.1 () {52 vars in 969 bytes} [Thu Jan 28 17:37:32 2021] GET /admin/jsi18n/ => generated 7722 bytes in 4712 msecs (HTTP/1.1 200) 4 headers in 132 bytes (1 switches on core 0)
{address space usage: 183111680 bytes/174MB} {rss usage: 54308864 bytes/51MB} [pid: 29|app: 0|req: 11/13] 172.27.0.1 () {54 vars in 1140 bytes} [Fri Jan 29 10:41:10 2021] GET /admin/wallpaper/comment/ => generated 19492 bytes in 13231 msecs (HTTP/1.1 200) 7 headers in 396 bytes (1 switches on core 0)
{address space usage: 178733056 bytes/170MB} {rss usage: 49295360 bytes/47MB} [pid: 27|app: 0|req: 3/14] 172.27.0.1 () {52 vars in 968 bytes} [Fri Jan 29 10:41:23 2021] GET /admin/jsi18n/ => generated 7722 bytes in 5132 msecs (HTTP/1.1 200) 4 headers in 132 bytes (1 switches on core 0)
*** Starting uWSGI 2.0.19 (64bit) on [Fri Jan 29 07:30:36 2021] ***
compiled with version: 8.3.0 on 29 January 2021 07:27:29
os: Linux-5.4.72-microsoft-standard-WSL2 #1 SMP Wed Oct 28 23:40:43 UTC 2020
nodename: 182a5ce43627
machine: x86_64
clock source: unix
pcre jit disabled
detected number of CPU cores: 8
current working directory: /home/shentu/micro_web
writing pidfile to /tmp/micro_web-master.pid
detected binary path: /usr/local/bin/uwsgi
chdir() to /home/shentu/micro_web
your memory page size is 4096 bytes
 *** WARNING: you have enabled harakiri without post buffering. Slow upload could be rejected on post-unbuffered webservers *** 
detected max file descriptor number: 1048576
lock engine: pthread robust mutexes
thunder lock: disabled (you can enable it with --thunder-lock)
uwsgi socket 0 bound to TCP address 0.0.0.0:8000 fd 3
setgid() to 33
setuid() to 33
Python version: 3.7.9 (default, Jan 12 2021, 17:26:22)  [GCC 8.3.0]
Python main interpreter initialized at 0x5612d004dd20
python threads support enabled
your server socket listen backlog is limited to 100 connections
your mercy for graceful operations on workers is 60 seconds
mapped 403077 bytes (393 KB) for 2 cores
*** Operational MODE: preforking ***
WSGI app 0 (mountpoint='') ready in 0 seconds on interpreter 0x5612d004dd20 pid: 18 (default app)
*** uWSGI is running in multiple interpreter mode ***
spawned uWSGI master process (pid: 18)
spawned uWSGI worker 1 (pid: 19, cores: 1)
spawned uWSGI worker 2 (pid: 21, cores: 1)
Python auto-reloader enabled
uwsgi_proto_uwsgi_parser(): Resource temporarily unavailable [proto/uwsgi.c line 40]
uwsgi_proto_uwsgi_parser(): Resource temporarily unavailable [proto/uwsgi.c line 40]
uwsgi_proto_uwsgi_parser(): Resource temporarily unavailable [proto/uwsgi.c line 40]
uwsgi_proto_uwsgi_parser(): Resource temporarily unavailable [proto/uwsgi.c line 40]
uwsgi_proto_uwsgi_parser(): Resource temporarily unavailable [proto/uwsgi.c line 40]
uwsgi_proto_uwsgi_parser(): Resource temporarily unavailable [proto/uwsgi.c line 40]
*** Starting uWSGI 2.0.19 (64bit) on [Fri Jan 29 07:56:47 2021] ***
compiled with version: 8.3.0 on 29 January 2021 07:49:52
os: Linux-5.4.72-microsoft-standard-WSL2 #1 SMP Wed Oct 28 23:40:43 UTC 2020
nodename: e0a0e4568f20
machine: x86_64
clock source: unix
pcre jit disabled
detected number of CPU cores: 8
current working directory: /home/shentu/micro_web
writing pidfile to /tmp/micro_web-master.pid
detected binary path: /usr/local/bin/uwsgi
chdir() to /home/shentu/micro_web
your memory page size is 4096 bytes
 *** WARNING: you have enabled harakiri without post buffering. Slow upload could be rejected on post-unbuffered webservers *** 
detected max file descriptor number: 1048576
lock engine: pthread robust mutexes
thunder lock: disabled (you can enable it with --thunder-lock)
probably another instance of uWSGI is running on the same address (0.0.0.0:8000).
bind(): Address already in use [core/socket.c line 769]
*** Starting uWSGI 2.0.19 (64bit) on [Fri Jan 29 10:01:58 2021] ***
compiled with version: 8.3.0 on 29 January 2021 09:34:21
os: Linux-5.4.72-microsoft-standard-WSL2 #1 SMP Wed Oct 28 23:40:43 UTC 2020
nodename: 4c628735881e
machine: x86_64
clock source: unix
pcre jit disabled
detected number of CPU cores: 8
current working directory: /home/shentu/micro_web
writing pidfile to /tmp/micro_web-master.pid
detected binary path: /usr/local/bin/uwsgi
chdir() to /home/shentu/micro_web
your memory page size is 4096 bytes
 *** WARNING: you have enabled harakiri without post buffering. Slow upload could be rejected on post-unbuffered webservers *** 
detected max file descriptor number: 1048576
lock engine: pthread robust mutexes
thunder lock: disabled (you can enable it with --thunder-lock)
uwsgi socket 0 bound to TCP address 0.0.0.0:8000 fd 3
setgid() to 33
setuid() to 33
Python version: 3.7.9 (default, Jan 12 2021, 17:26:22)  [GCC 8.3.0]
Python main interpreter initialized at 0x55737af6ad20
python threads support enabled
your server socket listen backlog is limited to 100 connections
your mercy for graceful operations on workers is 60 seconds
mapped 403077 bytes (393 KB) for 2 cores
*** Operational MODE: preforking ***
WSGI app 0 (mountpoint='') ready in 1 seconds on interpreter 0x55737af6ad20 pid: 18 (default app)
*** uWSGI is running in multiple interpreter mode ***
spawned uWSGI master process (pid: 18)
spawned uWSGI worker 1 (pid: 19, cores: 1)
spawned uWSGI worker 2 (pid: 21, cores: 1)
Python auto-reloader enabled
